<?xml version="1.0" encoding="UTF-8"?>
<!-- Generated by org.testng.reporters.JUnitReportReporter -->
<testsuite hostname="DELL-PC" name="projectScripts.Script_Search" tests="2" failures="0" timestamp="19 Aug 2017 16:19:35 GMT" time="17.130" errors="0">
  <testcase name="validSearch" time="10.026" classname="projectScripts.Script_Search"/>
  <testcase name="invalidSearch" time="7.104" classname="projectScripts.Script_Search"/>
</testsuite> <!-- projectScripts.Script_Search -->
