<?xml version="1.0" encoding="UTF-8"?>
<!-- Generated by org.testng.reporters.JUnitReportReporter -->
<testsuite hostname="DELL-PC" name="projectScripts.Script_Login" tests="3" failures="0" timestamp="19 Aug 2017 16:19:35 GMT" time="31.883" errors="0">
  <testcase name="validLogin" time="11.786" classname="projectScripts.Script_Login"/>
  <testcase name="invalidLogin" time="9.138" classname="projectScripts.Script_Login"/>
  <testcase name="invalidLogin" time="10.959" classname="projectScripts.Script_Login"/>
</testsuite> <!-- projectScripts.Script_Login -->
